[18:31:47] [main/INFO] (FabricLoader/GameProvider) Loading Minecraft 1.21.5 with Fabric Loader 0.16.14
[18:31:47] [main/INFO] (FabricLoader) Loading 55 mods:
	- awesomemod 1.0-SNAPSHOT
	- fabric-api 0.121.0+1.21.5
	- fabric-api-base 0.4.62+73a52b4b49
	- fabric-api-lookup-api-v1 1.6.95+86c3a9f149
	- fabric-biome-api-v1 16.0.7+2dd063df49
	- fabric-block-api-v1 1.0.37+86c3a9f149
	- fabric-block-view-api-v2 1.0.26+aa6d566c49
	- fabric-blockrenderlayer-v1 2.0.16+86c3a9f149
	- fabric-client-gametest-api-v1 4.1.11+3e6c1f7d49
	- fabric-client-tags-api-v1 1.1.37+86c3a9f149
	- fabric-command-api-v1 1.2.70+f71b366f49
	- fabric-command-api-v2 2.2.49+73a52b4b49
	- fabric-commands-v0 0.2.87+df3654b349
	- fabric-content-registries-v0 10.0.12+3e6c1f7d49
	- fabric-convention-tags-v1 2.1.29+7f945d5b49
	- fabric-convention-tags-v2 2.14.3+fca633a049
	- fabric-crash-report-info-v1 0.3.12+86c3a9f149
	- fabric-data-attachment-api-v1 1.7.0+9c0dd47249
	- fabric-data-generation-api-v1 22.3.4+fd2b524049
	- fabric-dimensions-v1 4.0.17+3e6c1f7d49
	- fabric-entity-events-v1 2.0.25+27c1078f49
	- fabric-events-interaction-v0 4.0.13+73a52b4b49
	- fabric-game-rule-api-v1 1.0.70+c327076a49
	- fabric-gametest-api-v1 3.1.2+2a6ec84b49
	- fabric-item-api-v1 11.3.2+2ccdb6ef49
	- fabric-item-group-api-v1 4.2.8+3459fc6149
	- fabric-key-binding-api-v1 1.0.63+ecf51cdc49
	- fabric-keybindings-v0 0.2.61+df3654b349
	- fabric-lifecycle-events-v1 2.5.13+5cbce67349
	- fabric-loot-api-v2 3.0.47+3f89f5a549
	- fabric-loot-api-v3 1.0.35+86c3a9f149
	- fabric-message-api-v1 6.0.33+86c3a9f149
	- fabric-model-loading-api-v1 5.2.0+c982b95149
	- fabric-networking-api-v1 4.4.0+f3ffa98949
	- fabric-object-builder-api-v1 21.0.0+7b20cbb049
	- fabric-particles-v1 4.1.1+112e550e49
	- fabric-recipe-api-v1 8.1.6+052a85d049
	- fabric-registry-sync-v0 6.1.20+b556383249
	- fabric-renderer-api-v1 6.0.2+c982b95149
	- fabric-renderer-indigo 3.0.3+3e6c1f7d49
	- fabric-rendering-data-attachment-v1 0.3.64+73761d2e49
	- fabric-rendering-fluids-v1 3.1.27+86c3a9f149
	- fabric-rendering-v1 11.1.11+081cc04349
	- fabric-resource-conditions-api-v1 5.0.21+73a52b4b49
	- fabric-resource-loader-v0 3.1.6+02ca679649
	- fabric-screen-api-v1 2.0.46+86c3a9f149
	- fabric-screen-handler-api-v1 1.3.127+c327076a49
	- fabric-sound-api-v1 1.0.38+86c3a9f149
	- fabric-tag-api-v1 1.0.16+ecf51cdc49
	- fabric-transfer-api-v1 5.4.23+7b20cbb049
	- fabric-transitive-access-wideners-v1 6.3.17+f17a180c49
	- fabricloader 0.16.14
	- java 21
	- minecraft 1.21.5
	- mixinextras 0.4.1
[18:31:47] [main/INFO] (FabricLoader/Mixin) SpongePowered MIXIN Subsystem Version=0.8.7 Source=file:/C:/Users/gameb/.gradle/caches/modules-2/files-2.1/net.fabricmc/sponge-mixin/0.15.5+mixin.0.8.7/22f9eb729e216a091673a574a5906dc1b9027fb3/sponge-mixin-0.15.5+mixin.0.8.7.jar Service=Knot/Fabric Env=CLIENT
[18:31:47] [main/INFO] (FabricLoader/Mixin) Loaded Fabric development mappings for mixin remapper!
[18:31:47] [main/INFO] (FabricLoader/Mixin) Compatibility level set to JAVA_21
[18:31:49] [main/INFO] (FabricLoader/MixinExtras|Service) Initializing MixinExtras via com.llamalad7.mixinextras.service.MixinExtrasServiceImpl(version=0.4.1).
[18:31:51] [Datafixer Bootstrap/INFO] (Minecraft) 263 Datafixer optimizations took 1299 milliseconds
[18:31:57] [Render thread/INFO] (Minecraft) Environment: Environment[sessionHost=https://sessionserver.mojang.com, servicesHost=https://api.minecraftservices.com, name=PROD]
[18:31:57] [Render thread/INFO] (Minecraft) Setting user: Player977
[18:31:58] [Render thread/INFO] (Indigo) [Indigo] Registering Indigo renderer!
[18:31:58] [Render thread/INFO] (Minecraft) Backend library: LWJGL version 3.3.3-snapshot
[18:31:59] [Render thread/INFO] (Minecraft) Using optional rendering extensions: GL_KHR_debug, GL_ARB_vertex_attrib_binding, GL_ARB_direct_state_access
[18:32:00] [Download-1/INFO] (Minecraft) Could not authorize you against Realms server: Invalid session id
[18:32:00] [Download-1/ERROR] (Minecraft) Failed to fetch Realms feature flags
net.minecraft.client.realms.exception.RealmsServiceException: Realms authentication error with message 'Invalid session id'
	at knot/net.minecraft.client.realms.RealmsClient.execute(RealmsClient.java:495) ~[minecraft-clientOnly-aefb5c6627-1.21.5-net.fabricmc.yarn.1_21_5.1.21.5+build.1-v2.jar:?]
	at knot/net.minecraft.client.realms.RealmsClient.fetchFeatureFlags(RealmsClient.java:177) ~[minecraft-clientOnly-aefb5c6627-1.21.5-net.fabricmc.yarn.1_21_5.1.21.5+build.1-v2.jar:?]
	at java.base/java.util.concurrent.CompletableFuture$AsyncSupply.run(CompletableFuture.java:1768) ~[?:?]
	at java.base/java.util.concurrent.ThreadPoolExecutor.runWorker(ThreadPoolExecutor.java:1144) ~[?:?]
	at java.base/java.util.concurrent.ThreadPoolExecutor$Worker.run(ThreadPoolExecutor.java:642) ~[?:?]
	at java.base/java.lang.Thread.run(Thread.java:1583) [?:?]
[18:32:00] [Render thread/INFO] (Minecraft) Reloading ResourceManager: vanilla, fabric, awesomemod, fabric-api, fabric-api-base, fabric-api-lookup-api-v1, fabric-biome-api-v1, fabric-block-api-v1, fabric-block-view-api-v2, fabric-blockrenderlayer-v1, fabric-client-gametest-api-v1, fabric-client-tags-api-v1, fabric-command-api-v1, fabric-command-api-v2, fabric-commands-v0, fabric-content-registries-v0, fabric-convention-tags-v1, fabric-convention-tags-v2, fabric-crash-report-info-v1, fabric-data-attachment-api-v1, fabric-data-generation-api-v1, fabric-dimensions-v1, fabric-entity-events-v1, fabric-events-interaction-v0, fabric-game-rule-api-v1, fabric-gametest-api-v1, fabric-item-api-v1, fabric-item-group-api-v1, fabric-key-binding-api-v1, fabric-keybindings-v0, fabric-lifecycle-events-v1, fabric-loot-api-v2, fabric-loot-api-v3, fabric-message-api-v1, fabric-model-loading-api-v1, fabric-networking-api-v1, fabric-object-builder-api-v1, fabric-particles-v1, fabric-recipe-api-v1, fabric-registry-sync-v0, fabric-renderer-api-v1, fabric-renderer-indigo, fabric-rendering-data-attachment-v1, fabric-rendering-fluids-v1, fabric-rendering-v1, fabric-resource-conditions-api-v1, fabric-resource-loader-v0, fabric-screen-api-v1, fabric-screen-handler-api-v1, fabric-sound-api-v1, fabric-tag-api-v1, fabric-transfer-api-v1, fabric-transitive-access-wideners-v1, fabricloader
[18:32:00] [Worker-Main-12/INFO] (Minecraft) Found unifont_all_no_pua-16.0.01.hex, loading
[18:32:00] [Worker-Main-2/INFO] (Minecraft) Found unifont_jp_patch-16.0.01.hex, loading
[18:32:02] [Render thread/WARN] (Minecraft) minecraft:pipeline/entity_translucent_emissive shader program does not use sampler Sampler2 defined in the pipeline. This might be a bug.
[18:32:02] [Render thread/INFO] (Minecraft) OpenAL initiali[18:32:03] [Datafixer Bootstrap/INFO] (Minecraft) 263 Datafixer optimizations took 1546 milliseconds
[18:32:10] [Render thread/INFO] (Minecraft) Environment: Environment[sessionHost=https://sessionserver.mojang.com, servicesHost=https://api.minecraftservices.com, name=PROD]
[18:32:10] [Render thread/INFO] (Minecraft) Setting user: Player855
[18:32:10] [Render thread/INFO] (Indigo) [Indigo] Registering Indigo renderer!
[18:32:11] [Render thread/INFO] (Minecraft) Backend library: LWJGL version 3.3.3-snapshot
[18:32:12] [Render thread/INFO] (Minecraft) Using optional rendering extensions: GL_KHR_debug, GL_ARB_vertex_attrib_binding, GL_ARB_direct_state_access
[18:32:13] [Download-1/INFO] (Minecraft) Could not authorize you against Realms server: Invalid session id
[18:32:13] [Download-1/ERROR] (Minecraft) Failed to fetch Realms feature flags
net.minecraft.client.realms.exception.RealmsServiceException: Realms authentication error with message 'Invalid session id'
	at knot/net.minecraft.client.realms.RealmsClient.execute(RealmsClient.java:495) ~[minecraft-clientOnly-aefb5c6627-1.21.5-net.fabricmc.yarn.1_21_5.1.21.5+build.1-v2.jar:?]
	at knot/net.minecraft.client.realms.RealmsClient.fetchFeatureFlags(RealmsClient.java:177) ~[minecraft-clientOnly-aefb5c6627-1.21.5-net.fabricmc.yarn.1_21_5.1.21.5+build.1-v2.jar:?]
	at java.base/java.util.concurrent.CompletableFuture$AsyncSupply.run(CompletableFuture.java:1768) ~[?:?]
	at java.base/java.util.concurrent.ThreadPoolExecutor.runWorker(ThreadPoolExecutor.java:1144) ~[?:?]
	at java.base/java.util.concurrent.ThreadPoolExecutor$Worker.run(ThreadPoolExecutor.java:642) ~[?:?]
	at java.base/java.lang.Thread.run(Thread.java:1583) [?:?]
[18:32:13] [Render thread/INFO] (Minecraft) Reloading ResourceManager: vanilla, fabric, [18:32:23] [Render thread/INFO] (BiomeModificationImpl) Applied 54 biome modifications to 54 of 65 new biomes in 8.470 ms
[18:32:23] [Server thread/INFO] (Minecraft) Starting integrated minecraft server version 1.21.5
[18:32:23] [Server thread/INFO] (Minecraft) Generating keypair
[18:32:26] [Server thread/INFO] (Minecraft) Preparing start region for dimension minecraft:overworld
[18:32:26] [Render thread/INFO] (Minecraft) Preparing spawn area: 2%
[18:32:26] [Render thread/INFO] (Minecraft) Preparing spawn area: 2%
[18:32:27] [Render thread/INFO] (Minecraft) Preparing spawn area: 18%
[18:32:27] [Render thread/INFO] (Minecraft) Preparing spawn area: 51%
[18:32:28] [Render thread/INFO] (Minecraft) Preparing spawn area: 83%
[18:32:28] [Render thread/INFO] (Minecraft) Time elapsed: 2058 ms
[18:32:28] [Server thread/INFO] (Minecraft) Changing view distance to 11, from 10
[18:32:28] [Server thread/INFO] (Minecraft) Changing simulation distance to 12, from 0
[18:32:29] [Server thread/INFO] (Minecraft) Player977[local:E:3854c4b0] logged in with entity id 5 at (-403.5, 72.0, 128.5)
[18:32:29] [Server thread/INFO] (Minecraft) Player977 joined the game
[18:32:30] [Render thread/INFO] (Minecraft) Loaded 2 advancements
[18:32:30] [Server thread/INFO] (Minecraft) Saving and pausing game...
[18:32:30] [Server thread/INFO] (Minecraft) Saving chunks for level 'ServerLevel[New World]'/minecraft:overworld
[18:32:30] [Server thread/INFO] (Minecraft) Saving chunks for level 'ServerLevel[New World]'/minecraft:the_nether
[18:32:30] [Server thread/INFO] (Minecraft) Saving chunks for level 'ServerLevel[New World]'/minecraft:the_end
[18:32:36] [Server thread/INFO] (Minecraft) [Player977: Gamerule keepInventory is now set to: true]
[18:32:36] [Render thread/INFO] (Minecraft) [System] [CHAT] Gamerule keepInventory is now set to: true
[18:32:40] [Server thread/INFO] (Minecraft) [Player977: Gamerule doDaylightCycle is now set to: false]
[18:32:40] [Render thread/INFO] (Minecraft) [System] [CHAT] Gamerule doDaylightCycle is now set to: false
[18:32:43] [Server thread/INFO] (Minecraft) Saving and pausing game...
[18:32:43] [Server thread/INFO] (Minecraft) Saving chunks for level 'ServerLevel[New World]'/minecraft:overworld
[18:32:43] [Server thread/INFO] (Minecraft) Saving chunks for level 'ServerLevel[New World]'/minecraft:the_nether
[18:32:43] [Server thread/INFO] (Minecraft) Saving chunks for level 'ServerLevel[New World]'/minecraft:the_end
[18:33:00] [Server thread/INFO] (Minecraft) [Player977: Set own game mode to Survival Mode]
[18:33:00] [Render thread/INFO] (Minecraft) [System] [CHAT] Set own game mode to Survival Mode
[18:33:29] [Render thread/INFO] (Minecraft) Loaded 22 advancements
[18:33:59] [Server thread/INFO] (Minecraft) [Player977: Removed every effect from Player977]
[18:33:59] [Render thread/INFO] (Minecraft) [System] [CHAT] Removed every effect from Player977
[18:34:00] [Render thread/WARN] (Minecraft) Unable to play empty soundEvent: minecraft:entity.salmon.ambient
[18:34:01] [Server thread/INFO] (Minecraft) [Player977: Set own game mode to Creative Mode]
[18:34:01] [Render thread/INFO] (Minecraft) [System] [CHAT] Set own game mode to Creative Mode
[18:34:48] [Server thread/INFO] (Minecraft) [Player977: Set own game mode to Survival Mode]
[18:34:48] [Render thread/INFO] (Minecraft) [System] [CHAT] Set own game mode to Survival Mode
[18:34:50] [Server thread/INFO] (Minecraft) Saving and pausing game...
[18:34:50] [Server thread/INFO] (Minecraft) Saving chunks for level 'ServerLevel[New World]'/minecraft:overworld
[18:34:50] [Server thread/INFO] (Minecraft) Saving chunks for level 'ServerLevel[New World]'/minecraft:the_nether
[18:34:50] [Server thread/INFO] (Minecraft) Saving chunks for level 'ServerLevel[New World]'/minecraft:the_end
[18:34:54] [Server thread/INFO] (Minecraft) Saving and pausing game...
[18:34:54] [Server thread/INFO] (Minecraft) Saving chunks for level 'ServerLevel[New World]'/minecraft:overworld
[18:34:54] [Server thread/INFO] (Minecraft) Saving chunks for level 'ServerLevel[New World]'/minecraft:the_nether
[18:34:54] [Server thread/INFO] (Minecraft) Saving chunks for level 'ServerLevel[New World]'/minecraft:the_end
[18:35:16] [Server thread/INFO] (Minecraft) [Player977: Removed every effect from Player977]
[18:35:16] [Render thread/INFO] (Minecraft) [System] [CHAT] Removed every effect from Player977
[18:35:23] [Server thread/INFO] (Minecraft) [Player977: Removed every effect from Player977]
[18:35:23] [Render thread/INFO] (Minecraft) [System] [CHAT] Removed every effect from Player977
[18:35:35] [Server thread/INFO] (Minecraft) Player977 has made the advancement [Hot Stuff]
[18:35:35] [Server thread/INFO] (Minecraft) [Player977: Gave 1 [Lava Bucket] to Player977]
[18:35:35] [Render thread/INFO] (Minecraft) [System] [CHAT] Player977 has made the advancement [Hot Stuff]
[18:35:35] [Render thread/INFO] (Minecraft) [System] [CHAT] Gave 1 [Lava Bucket] to Player977
[18:35:35] [Render thread/INFO] (Minecraft) Loaded 29 advancements
[18:35:42] [Server thread/INFO] (Minecraft) [Player977: Removed every effect from Player977]
[18:35:42] [Render thread/INFO] (Minecraft) [System] [CHAT] Removed every effect from Player977
[18:35:48] [Server thread/INFO] (Minecraft) [Player977: Applied 8.0 damage to Player977]
[18:35:48] [Render thread/INFO] (Minecraft) [System] [CHAT] Applied 8.0 damage to Player977
[18:35:57] [Server thread/INFO] (Minecraft) [Player977: Removed every effect from Player977]
[18:35:57] [Render thread/INFO] (Minecraft) [System] [CHAT] Removed every effect from Player977
[18:36:05] [Server thread/INFO] (Minecraft) [Player977: Removed every effect from Player977]
[18:36:05] [Render thread/INFO] (Minecraft) [System] [CHAT] Removed every effect from Player977
[18:36:10] [Render thread/INFO] (Minecraft) Loaded 39 advancements
[18:36:39] [Server thread/INFO] (Minecraft) [Player977: Removed every effect from Player977]
[18:36:39] [Render thread/INFO] (Minecraft) [System] [CHAT] Removed every effect from Player977
[18:36:45] [Server thread/INFO] (Minecraft) [Player977: Applied effect Hunger to Player977]
[18:36:45] [Render thread/INFO] (Minecraft) [System] [CHAT] Applied effect Hunger to Player977
[18:36:58] [Render thread/INFO] (Minecraft) Loaded 76 advancements
[18:36:58] [Render thread/INFO] (Minecraft) Loaded 80 advancements
[18:36:59] [Render thread/INFO] (Minecraft) Loaded 83 advancements
[18:37:01] [Server thread/INFO] (Minecraft) [Player977: Set own game mode to Creative Mode]
[18:37:01] [Render thread/INFO] (Minecraft) [System] [CHAT] Set own game mode to Creative Mode
[18:37:09] [Server thread/INFO] (Minecraft) [Player977: Set own game mode to Survival Mode]
[18:37:09] [Render thread/INFO] (Minecraft) [System] [CHAT] Set own game mode to Survival Mode
[18:37:15] [Render thread/INFO] (Minecraft) Loaded 84 advancements
[18:37:21] [Server thread/INFO] (Minecraft) [Player977: Set own game mode to Spectator Mode]
[18:37:21] [Render thread/INFO] (Minecraft) [System] [CHAT] Set own game mode to Spectator Mode
[18:37:36] [Server thread/INFO] (Minecraft) [Player977: Set own game mode to Survival Mode]
[18:37:36] [Render thread/INFO] (Minecraft) [System] [CHAT] Set own game mode to Survival Mode
[18:37:43] [Server thread/INFO] (Minecraft) [Player977: Gave 1 [Bamboo Door] to Player977]
[18:37:43] [Render thread/INFO] (Minecraft) [System] [CHAT] Gave 1 [Bamboo Door] to Player977
[18:37:57] [Server thread/INFO] (Minecraft) Player977 has made the advancement [Getting an Upgrade]
[18:37:57] [Server thread/INFO] (Minecraft) [Player977: Gave 1 [Stone Pickaxe] to Player977]
[18:37:57] [Render thread/INFO] (Minecraft) [System] [CHAT] Player977 has made the advancement [Getting an Upgrade]
[18:37:57] [Render thread/INFO] (Minecraft) [System] [CHAT] Gave 1 [Stone Pickaxe] to Player977
[18:37:57] [Render thread/INFO] (Minecraft) Loaded 87 advancements
[18:38:38] [Server thread/INFO] (Minecraft) [Player977: Set own game mode to Creative Mode]
[18:38:38] [Render thread/INFO] (Minecraft) [System] [CHAT] Set own game mode to Creative Mode
[18:38:39] [Server thread/INFO] (Minecraft) [Player977: Set own game mode to Spectator Mode]
[18:38:39] [Render thread/INFO] (Minecraft) [System] [CHAT] Set own game mode to Spectator Mode
[18:38:45] [Server thread/INFO] (Minecraft) [Player977: Set own game mode to Creative Mode]
[18:38:45] [Render thread/INFO] (Minecraft) [System] [CHAT] Set own game mode to Creative Mode
[18:38:51] [Server thread/INFO] (Minecraft) [Player977: Gave 1 [Furnace] to Player977]
[18:38:51] [Render thread/INFO] (Minecraft) [System] [CHAT] Gave 1 [Furnace] to Player977
[18:38:51] [Render thread/INFO] (Minecraft) Loaded 88 advancements
[18:38:57] [Server thread/INFO] (Minecraft) [Player977: Gave 64 [Coal] to Player977]
[18:38:57] [Render thread/INFO] (Minecraft) [System] [CHAT] Gave 64 [Coal] to Player977
[18:38:57] [Render thread/INFO] (Minecraft) Loaded 90 advancements
[18:39:00] [Server thread/INFO] (Minecraft) [Player977: Set own game mode to Spectator Mode]
[18:39:00] [Render thread/INFO] (Minecraft) [System] [CHAT] Set own game mode to Spectator Mode
[18:39:01] [Server thread/INFO] (Minecraft) [Player977: Set own game mode to Survival Mode]
[18:39:01] [Render thread/INFO] (Minecraft) [System] [CHAT] Set own game mode to Survival Mode
[18:39:18] [Server thread/INFO] (Minecraft) [Player977: Set own game mode to Creative Mode]
[18:39:19] [Render thread/INFO] (Minecraft) [System] [CHAT] Set own game mode to Creative Mode
[18:39:27] [Server thread/INFO] (Minecraft) Saving and pausing game...
[18:39:27] [Server thread/INFO] (Minecraft) Saving chunks for level 'ServerLevel[New World]'/minecraft:overworld
[18:39:27] [Server thread/INFO] (Minecraft) Saving chunks for level 'ServerLevel[New World]'/minecraft:the_nether
[18:39:27] [Server thread/INFO] (Minecraft) Saving chunks for level 'ServerLevel[New World]'/minecraft:the_end
[18:40:55] [Server thread/INFO] (Minecraft) [Player977: Set own game mode to Spectator Mode]
[18:40:55] [Render thread/INFO] (Minecraft) [System] [CHAT] Set own game mode to Spectator Mode
[18:41:03] [Render thread/INFO] (Minecraft) Loaded 90 advancements
[18:41:31] [Server thread/INFO] (Minecraft) [Player977: Set own game mode to Creative Mode]
[18:41:31] [Render thread/INFO] (Minecraft) [System] [CHAT] Set own game mode to Creative Mode
[18:41:33] [Server thread/INFO] (Minecraft) [Player977: Set own game mode to Survival Mode]
[18:41:33] [Render thread/INFO] (Minecraft) [System] [CHAT] Set own game mode to Survival Mode
[18:41:50] [Server thread/INFO] (Minecraft) Saving and pausing game...
[18:41:50] [Server thread/INFO] (Minecraft) Saving chunks for level 'ServerLevel[New World]'/minecraft:overworld
[18:41:50] [Server thread/INFO] (Minecraft) Saving chunks for level 'ServerLevel[New World]'/minecraft:the_nether
[18:41:50] [Server thread/INFO] (Minecraft) Saving chunks for level 'ServerLevel[New World]'/minecraft:the_end
[18:42:06] [Server thread/INFO] (Minecraft) Saving and pausing game...
[18:42:06] [Server thread/INFO] (Minecraft) Saving chunks for level 'ServerLevel[New World]'/minecraft:overworld
[18:42:06] [Server thread/INFO] (Minecraft) Saving chunks for level 'ServerLevel[New World]'/minecraft:the_nether
[18:42:06] [Server thread/INFO] (Minecraft) Saving chunks for level 'ServerLevel[New World]'/minecraft:the_end
[18:43:18] [Render thread/INFO] (Minecraft) Stopping!
[18:43:18] [Server thread/INFO] (Minecraft) Player977 lost connection: Disconnected
[18:43:18] [Server thread/INFO] (Minecraft) Player977 left the game
[18:43:18] [Server thread/INFO] (Minecraft) Stopping singleplayer server as player logged out
[18:43:18] [Server thread/INFO] (Minecraft) Stopping server
[18:43:18] [Server thread/INFO] (Minecraft) Saving players
[18:43:18] [Server thread/INFO] (Minecraft) Saving worlds
[18:43:18] [Server thread/INFO] (Minecraft) Saving chunks for level 'ServerLevel[New World]'/minecraft:overworld
[18:43:18] [Server thread/INFO] (Minecraft) Saving chunks for level 'ServerLevel[New World]'/minecraft:the_nether
[18:43:18] [Server thread/INFO] (Minecraft) Saving chunks for level 'ServerLevel[New World]'/minecraft:the_end
[18:43:18] [Server thread/INFO] (Minecraft) ThreadedAnvilChunkStorage (New World (1)): All chunks are saved
[18:43:18] [Server thread/INFO] (Minecraft) ThreadedAnvilChunkStorage (DIM-1): All chunks are saved
[18:43:18] [Server thread/INFO] (Minecraft) ThreadedAnvilChunkStorage (DIM1): All chunks are saved
[18:43:18] [Server thread/INFO] (Minecraft) ThreadedAnvilChunkStorage: All dimensions are saved
